Build configuration: EFox_SK_AppProtocol "Documentation of application protocol to PC communication"
================================================================================


============================================================
===                'AppProtocol' BUILDING                ===
============================================================

[AppProtocol:] ===== Checking dependencies ...
[AppProtocol:] Build configuration: "html"
[AppProtocol:] ===============================================================================

[AppProtocol:] ===== Deleting old directories:
[AppProtocol:] _build/hash ...
[AppProtocol:] _build ...

[AppProtocol:] ===== Creating directories:
[AppProtocol:] _build ...
[AppProtocol:] _build/hash ...
[0m[0KRunning Sphinx v3.3.1[0K[?25l
[0K[?25hloading translations [sk]... done[0K[?25l
[0K[?25hmaking output directory... done[0K[?25l
[0K[?25hbuilding [mo]: targets for 0 po files that are out of date[0K[?25l
building [html]: targets for 202 source files that are out of date[0K
updating environment:[0K[23G[?25h[?25lupdating environment: [new config] 202 added, 0 changed, 0 removed[0K
reading sources... [  0%] Appendix/PrinterType[0K[1A[23G[?25h[?25l

[0K[?25hreading sources... [  0%] Appendix/ResponseTime[0K[?25l
[0K[?25hreading sources... [  1%] Appendix/index[0K[?25l
reading sources... [  1%] BasicDescription/CommunicationFrame[0K
[0K[?25hreading sources... [  2%] BasicDescription/Connection[0K[?25l
[0K[?25hreading sources... [  2%] BasicDescription/DataTypes[0K[?25l
[0K[?25hreading sources... [  3%] BasicDescription/DateTime[0K[?25l
[0K[?25hreading sources... [  3%] BasicDescription/Overview[0K[?25l
[0K[?25hreading sources... [  4%] BasicDescription/ProtocolFeatures[0K[?25l
[0K[?25hreading sources... [  4%] BasicDescription/index[0K[?25l
reading sources... [  5%] Commands/affirmInspectionRequest[0K
[0K[?25hreading sources... [  5%] Commands/beginFiscalReceipt[0K[?25l
[0K[?25h[?25lreading sources... [  6%] Commands/beginNonFiscal[0K[1G[?25h[?25l
[0K[?25hreading sources... [  6%] Commands/beginTraining[0K[?25l
[0K[?25hreading sources... [  7%] Commands/cancelRest[0K[?25l
[0K[?25hreading sources... [  7%] Commands/clearDisplay[0K[?25l
[0K[?25hreading sources... [  8%] Commands/cutPaper[0K[?25l
[0K[?25hreading sources... [  8%] Commands/deferFirmwareUpdateRequest[0K[?25l
[0K[?25hreading sources... [  9%] Commands/displayTextAt[0K[?25l
[0K[?25hreading sources... [  9%] Commands/endFiscalReceipt[0K[?25l
[0K[?25hreading sources... [ 10%] Commands/endNonFiscal[0K[?25l
[0K[?25hreading sources... [ 10%] Commands/endTraining[0K[?25l
[0K[?25h[?25lreading sources... [ 11%] Commands/getCounter[0K[1G[?25h[?25l
[0K[?25hreading sources... [ 11%] Commands/getData[0K[?25l
[0K[?25hreading sources... [ 12%] Commands/getDate[0K[?25l
[0K[?25hreading sources... [ 12%] Commands/getFirmwareUpdateRequest[0K[?25l
[0K[?25hreading sources... [ 13%] Commands/getFontAttribute[0K[?25l
[0K[?25hreading sources... [ 13%] Commands/getHeaderLine[0K[?25l
[0K[?25hreading sources... [ 14%] Commands/getInspectionRequest[0K[?25l
[0K[?25hreading sources... [ 14%] Commands/getLastRegisteredLocationInfo[0K[?25l
[0K[?25hreading sources... [ 15%] Commands/getLastRegisteredReceiptInfo[0K[?25l
[0K[?25hreading sources... [ 15%] Commands/getLicenceData[0K[?25l
[0K[?25hreading sources... [ 16%] Commands/getNextLogRecord[0K[?25l
[0K[?25hreading sources... [ 16%] Commands/getPaymentEntry[0K[?25l
[0K[?25hreading sources... [ 17%] Commands/getProperty[0K[?25l
[0K[?25hreading sources... [ 17%] Commands/getTotalizer[0K[?25l
[0K[?25hreading sources... [ 18%] Commands/getTrailerLine[0K[?25l
[0K[?25hreading sources... [ 18%] Commands/getTransactionStatus[0K[?25l
[0K[?25hreading sources... [ 19%] Commands/getVatEntry[0K[?25l
[0K[?25hreading sources... [ 19%] Commands/index[0K[?25l
[0K[?25hreading sources... [ 20%] Commands/obtainProgress[0K[?25l
[0K[?25hreading sources... [ 20%] Commands/openDrawer[0K[?25l
[0K[?25hreading sources... [ 21%] Commands/printBarCode[0K[?25l
[0K[?25hreading sources... [ 21%] Commands/printDuplicateReceipt[0K[?25l
[0K[?25hreading sources... [ 22%] Commands/printNormal[0K[?25l
[0K[?25hreading sources... [ 22%] Commands/printRecAdvancePaymentDeduct[0K[?25l
[0K[?25hreading sources... [ 23%] Commands/printRecCash[0K[?25l
[0K[?25hreading sources... [ 23%] Commands/printRecItem[0K[?25l
[0K[?25hreading sources... [ 24%] Commands/printRecItemAdjustment[0K[?25l
[0K[?25hreading sources... [ 24%] Commands/printRecItemCorrection[0K[?25l
[0K[?25hreading sources... [ 25%] Commands/printRecItemRefund[0K[?25l
[0K[?25hreading sources... [ 25%] Commands/printRecItemRefundCorrection[0K[?25l
[0K[?25hreading sources... [ 26%] Commands/printRecItemSinglePurposeVoucher[0K[?25l
[0K[?25hreading sources... [ 26%] Commands/printRecMessage[0K[?25l
[0K[?25hreading sources... [ 27%] Commands/printRecPackageAdjustment[0K[?25l
[0K[?25hreading sources... [ 27%] Commands/printRecSubtotal[0K[?25l
[0K[?25hreading sources... [ 28%] Commands/printRecTotal[0K[?25l
[0K[?25hreading sources... [ 28%] Commands/printRecTotalChange[0K[?25l
[0K[?25hreading sources... [ 29%] Commands/printRecVoid[0K[?25l
[0K[?25hreading sources... [ 29%] Commands/printUnsentDataMsgReport[0K[?25l
[0K[?25hreading sources... [ 30%] Commands/printXReport[0K[?25l
[0K[?25hreading sources... [ 30%] Commands/printZReport[0K[?25l
[0K[?25hreading sources... [ 31%] Commands/registerLocation[0K[?25l
[0K[?25hreading sources... [ 31%] Commands/registerUnsentDataMessages[0K[?25l
[0K[?25hreading sources... [ 32%] Commands/resetInspectionRequest[0K[?25l
[0K[?25hreading sources... [ 32%] Commands/resetPrinter[0K[?25l
[0K[?25hreading sources... [ 33%] Commands/setBitmap[0K[?25l
[0K[?25hreading sources... [ 33%] Commands/setCustomer[0K[?25l
[0K[?25hreading sources... [ 34%] Commands/setDate[0K[?25l
[0K[?25hreading sources... [ 34%] Commands/setFiscalMode[0K[?25l
[0K[?25hreading sources... [ 35%] Commands/setFontAttribute[0K[?25l
[0K[?25hreading sources... [ 35%] Commands/setHeaderLines[0K[?25l
[0K[?25h[?25lreading sources... [ 36%] Commands/setPOSID[0K[1G[?25h[?25l
reading sources... [ 36%] Commands/setParagon[0K
[0K[?25hreading sources... [ 37%] Commands/setPaymentEntry[0K[?25l
[0K[?25hreading sources... [ 37%] Commands/setPaymentType[0K[?25l
reading sources... [ 38%] Commands/setProperty[0K
[0K[?25hreading sources... [ 38%] Commands/setTrailerLines[0K[?25l
[0K[?25hreading sources... [ 39%] Commands/setVatTable[0K[?25l
[0K[?25hreading sources... [ 39%] Commands/soundImmediate[0K[?25l
[0K[?25hreading sources... [ 40%] Commands/storeAllBitmaps[0K[?25l
[0K[?25hreading sources... [ 40%] Commands/updateFirmware[0K[?25l
[0K[?25hreading sources... [ 41%] ConnectingAndStates/AfterConnection[0K[?25l
reading sources... [ 41%] ConnectingAndStates/Commissioning[0K
[0K[?25hreading sources... [ 42%] ConnectingAndStates/Connect[0K[?25l
reading sources... [ 42%] ConnectingAndStates/Connection[0K
[0K[?25hreading sources... [ 43%] ConnectingAndStates/Disconnect[0K[?25l
[0K[?25hreading sources... [ 43%] ConnectingAndStates/Modes[0K[?25l
reading sources... [ 44%] ConnectingAndStates/PrinterStates[0K
[0K[?25hreading sources... [ 44%] ConnectingAndStates/SendingDataMessages[0K[?25l
reading sources... [ 45%] ConnectingAndStates/ServicesProviding[0K
[0K[?25hreading sources... [ 45%] ConnectingAndStates/States[0K[?25l
[0K[?25hreading sources... [ 46%] ConnectingAndStates/Timing[0K[?25l
[0K[?25hreading sources... [ 46%] ConnectingAndStates/Update/Availability[0K[?25l
reading sources... [ 47%] ConnectingAndStates/Update/Introduction[0K
[0K[?25hreading sources... [ 47%] ConnectingAndStates/Update/MandatoryUpdate[0K[?25l
[0K[?25hreading sources... [ 48%] ConnectingAndStates/Update/Update[0K[?25l
[0K[?25hreading sources... [ 48%] ConnectingAndStates/Update/index[0K[?25l
[0K[?25hreading sources... [ 49%] ConnectingAndStates/index[0K[?25l
reading sources... [ 49%] DiffDependVersion[0K
reading sources... [ 50%] DocumentVersion[0K
[0K[?25hreading sources... [ 50%] Introduction[0K[?25l
[0K[?25hreading sources... [ 50%] Printing/Example[0K[?25l
[0K[?25hreading sources... [ 51%] Printing/Formatting[0K[?25l
[0K[?25hreading sources... [ 51%] Printing/Principles[0K[?25l
[0K[?25hreading sources... [ 52%] Printing/PrintFormattingSettings[0K[?25l
reading sources... [ 52%] Printing/ReceiptFormatProfiles[0K
[0K[?25hreading sources... [ 53%] Printing/Summary[0K[?25l
reading sources... [ 53%] Printing/index[0K
[0K[?25hreading sources... [ 54%] ProblemSolving/FiscalPrinterRecovery[0K[?25l
[0K[?25hreading sources... [ 54%] ProblemSolving/IncorrectCommand[0K[?25l
[0K[?25hreading sources... [ 55%] ProblemSolving/InternalErrors[0K[?25l
reading sources... [ 55%] ProblemSolving/RecoverableProblems[0K[1G[?25h[?25l
[0K[?25hreading sources... [ 56%] ProblemSolving/index[0K[?25l
reading sources... [ 56%] ProtocolVersion[0K
[0K[?25hreading sources... [ 57%] Rules/Cash[0K[?25l
[0K[?25hreading sources... [ 57%] Rules/Characteristics[0K[?25l
reading sources... [ 58%] Rules/RegistrationTransaction[0K
[0K[?25hreading sources... [ 58%] Rules/Rounding[0K[?25l
reading sources... [ 59%] Rules/ServiceMessages[0K
[0K[?25hreading sources... [ 59%] Rules/ServiceMessages_Confirmation[0K[?25l
reading sources... [ 60%] Rules/ServiceMessages_Events[0K
[0K[?25hreading sources... [ 60%] Rules/ServiceMessages_Introduction[0K[?25l
[0K[?25hreading sources... [ 61%] Rules/ServiceMessages_Perfom[0K[?25l
reading sources... [ 61%] Rules/VAT[0K
[0K[?25hreading sources... [ 62%] Rules/ValueCalculations[0K[?25l
reading sources... [ 62%] Rules/index[0K
[0K[?25hreading sources... [ 63%] Terminology/Conventions[0K[?25l
[0K[?25hreading sources... [ 63%] Terminology/Notions[0K[?25l
[0K[?25hreading sources... [ 64%] Terminology/Shortcuts[0K[?25l
reading sources... [ 64%] Terminology/index[0K[1G[?25h[?25l
reading sources... [ 65%] Values/Accumulators/Counters[0K
[0K[?25hreading sources... [ 65%] Values/Accumulators/Totals[0K[?25l
[0K[?25hreading sources... [ 66%] Values/Accumulators/index[0K[?25l
reading sources... [ 66%] Values/Exceptions/Categorisation[0K
[0K[?25hreading sources... [ 67%] Values/Exceptions/ExceptionValues[0K[?25l
[0K[?25hreading sources... [ 67%] Values/Exceptions/InternalErrors[0K[?25l
[0K[?25hreading sources... [ 68%] Values/Exceptions/InvalidCommands[0K[?25l
[0K[?25hreading sources... [ 68%] Values/Exceptions/ResolvableErrors[0K[?25l
[0K[?25hreading sources... [ 69%] Values/Exceptions/index[0K[?25l
reading sources... [ 69%] Values/Properties/AutomaticDrawerOpening[0K
[0K[?25hreading sources... [ 70%] Values/Properties/BitmapMemoryFreeSpace[0K[?25l
[0K[?25hreading sources... [ 70%] Values/Properties/BitmapMemorySize[0K[?25l
[0K[?25hreading sources... [ 71%] Values/Properties/BitmapWidth[0K[?25l
[0K[?25hreading sources... [ 71%] Values/Properties/BuildDateTime[0K[?25l
reading sources... [ 72%] Values/Properties/CashRoundPlace[0K
[0K[?25hreading sources... [ 72%] Values/Properties/CashRoundType[0K[?25l
[0K[?25hreading sources... [ 73%] Values/Properties/ChangeDue[0K[?25l
[0K[?25hreading sources... [ 73%] Values/Properties/ChangeType[0K[?25l
reading sources... [ 74%] Values/Properties/CoverOpen[0K
[0K[?25hreading sources... [ 74%] Values/Properties/CurrSymbol[0K[?25l
[0K[?25hreading sources... [ 75%] Values/Properties/CurrSymbolPosition[0K[?25l
[0K[?25hreading sources... [ 75%] Values/Properties/DIC[0K[?25l
[0K[?25hreading sources... [ 76%] Values/Properties/DayOpened[0K[?25l
reading sources... [ 76%] Values/Properties/DisplayColumns[0K
[0K[?25hreading sources... [ 77%] Values/Properties/DisplayRows[0K[?25l
reading sources... [ 77%] Values/Properties/DrawerOpened[0K
[0K[?25hreading sources... [ 78%] Values/Properties/ErrorExtension[0K[?25l
[0K[?25hreading sources... [ 78%] Values/Properties/ErrorString[0K[?25l
[0K[?25hreading sources... [ 79%] Values/Properties/FPFirmwareVersion[0K[?25l
reading sources... [ 79%] Values/Properties/FiscalReceiptType[0K
[0K[?25hreading sources... [ 80%] Values/Properties/FiscalState[0K[?25l
[0K[?25hreading sources... [ 80%] Values/Properties/FontALineLength[0K[?25l
[0K[?25hreading sources... [ 81%] Values/Properties/FontBLineLength[0K[?25l
[0K[?25hreading sources... [ 81%] Values/Properties/FormatProfile[0K[?25l
[0K[?25hreading sources... [ 82%] Values/Properties/HeaderBitmap[0K[?25l
[0K[?25hreading sources... [ 82%] Values/Properties/ICDPH[0K[?25l
reading sources... [ 83%] Values/Properties/ICMFirmwareVersion[0K
[0K[?25hreading sources... [ 83%] Values/Properties/ICMIPv4Address[0K[?25l
[0K[?25hreading sources... [ 84%] Values/Properties/ICO[0K[?25l
[0K[?25hreading sources... [ 84%] Values/Properties/InternetAccess[0K[?25l
[0K[?25hreading sources... [ 85%] Values/Properties/LicenceCount[0K[?25l
[0K[?25hreading sources... [ 85%] Values/Properties/MandatoryFWUpdateDateTime[0K[?25l
[0K[?25hreading sources... [ 86%] Values/Properties/ManufacturerName[0K[?25l
[0K[?25hreading sources... [ 86%] Values/Properties/MediumCoverOpened[0K[?25l
[0K[?25hreading sources... [ 87%] Values/Properties/NumDataMsgItems[0K[?25l
reading sources... [ 87%] Values/Properties/NumHeaderLines[0K[1G[?25h[?25l
reading sources... [ 88%] Values/Properties/NumPayments[0K
[0K[?25hreading sources... [ 88%] Values/Properties/NumTrailerLines[0K[?25l
[0K[?25hreading sources... [ 89%] Values/Properties/NumVatRates[0K[?25l
[0K[?25hreading sources... [ 89%] Values/Properties/PaymentsRegistration[0K[?25l
reading sources... [ 90%] Values/Properties/PortableCashRegister[0K
[0K[?25hreading sources... [ 90%] Values/Properties/PrinterState[0K[?25l
[0K[?25hreading sources... [ 91%] Values/Properties/PrinterVariant[0K[?25l
reading sources... [ 91%] Values/Properties/ProductModelDescription[0K
[0K[?25hreading sources... [ 92%] Values/Properties/ProtectedStorageUsage[0K[?25l
[0K[?25hreading sources... [ 92%] Values/Properties/ProtocolVersion[0K[?25l
reading sources... [ 93%] Values/Properties/RecEmpty[0K
[0K[?25hreading sources... [ 93%] Values/Properties/RecNearEnd[0K[?25l
[0K[?25hreading sources... [ 94%] Values/Properties/SSID[0K[?25l
[0K[?25hreading sources... [ 94%] Values/Properties/SerialNumber[0K[?25l
[0K[?25hreading sources... [ 95%] Values/Properties/SignalLevel[0K[?25l
reading sources... [ 95%] Values/Properties/TrailerBitmap[0K
[0K[?25hreading sources... [ 96%] Values/Properties/TrainingModeActive[0K[?25l
[0K[?25hreading sources... [ 96%] Values/Properties/TransactionIDPrinting[0K[?25l
[0K[?25hreading sources... [ 97%] Values/Properties/UniqueNum[0K[?25l
reading sources... [ 97%] Values/Properties/UnsentDataMessagesCount[0K
[0K[?25hreading sources... [ 98%] Values/Properties/VatIncluded[0K[?25l
[0K[?25hreading sources... [ 98%] Values/Properties/VatSummaryPrinting[0K[?25l
[0K[?25hreading sources... [ 99%] Values/Properties/index[0K[?25l
reading sources... [ 99%] Values/index[0K
[0K[?25hreading sources... [100%] index[0K[?25l
[0K[?25h[?25l
looking for now-outdated files...[0K[35G[?25h[?25llooking for now-outdated files... none found[0K
pickling environment... done[0K
checking consistency... done[0K
preparing documents... done[0K
writing output... [  0%] Appendix/PrinterType[0K
[0K[?25hwriting output... [  0%] Appendix/ResponseTime[0K[?25l
[0K[?25hwriting output... [  1%] Appendix/index[0K[?25l
[0K[?25hwriting output... [  1%] BasicDescription/CommunicationFrame[0K[?25l
[0K[?25hwriting output... [  2%] BasicDescription/Connection[0K[?25l
[0K[?25hwriting output... [  2%] BasicDescription/DataTypes[0K[?25l
[0K[?25hwriting output... [  3%] BasicDescription/DateTime[0K[?25l
[0K[?25hwriting output... [  3%] BasicDescription/Overview[0K[?25l
[0K[?25hwriting output... [  4%] BasicDescription/ProtocolFeatures[0K[?25l
[0K[?25hwriting output... [  4%] BasicDescription/index[0K[?25l
[0K[?25hwriting output... [  5%] Commands/affirmInspectionRequest[0K[?25l
[0K[?25hwriting output... [  5%] Commands/beginFiscalReceipt[0K[?25l
[0K[?25hwriting output... [  6%] Commands/beginNonFiscal[0K[?25l
[0K[?25hwriting output... [  6%] Commands/beginTraining[0K[?25l
[0K[?25hwriting output... [  7%] Commands/cancelRest[0K[?25l
[0K[?25h[?25lwriting output... [  7%] Commands/clearDisplay[0K[1G[?25h[?25l
[0K[?25hwriting output... [  8%] Commands/cutPaper[0K[?25l
[0K[?25hwriting output... [  8%] Commands/deferFirmwareUpdateRequest[0K[?25l
[0K[?25hwriting output... [  9%] Commands/displayTextAt[0K[?25l
[0K[?25hwriting output... [  9%] Commands/endFiscalReceipt[0K[?25l
[0K[?25h[?25lwriting output... [ 10%] Commands/endNonFiscal[0K[1G[?25h[?25l
[0K[?25hwriting output... [ 10%] Commands/endTraining[0K[?25l
[0K[?25hwriting output... [ 11%] Commands/getCounter[0K[?25l
[0K[?25hwriting output... [ 11%] Commands/getData[0K[?25l
[0K[?25hwriting output... [ 12%] Commands/getDate[0K[?25l
[0K[?25hwriting output... [ 12%] Commands/getFirmwareUpdateRequest[0K[?25l
[0K[?25h[?25lwriting output... [ 13%] Commands/getFontAttribute[0K[1G[?25h[?25l
[0K[?25hwriting output... [ 13%] Commands/getHeaderLine[0K[?25l
[0K[?25hwriting output... [ 14%] Commands/getInspectionRequest[0K[?25l
[0K[?25h[?25lwriting output... [ 14%] Commands/getLastRegisteredLocationInfo[0K[1G[?25h[?25l
[0K[?25hwriting output... [ 15%] Commands/getLastRegisteredReceiptInfo[0K[?25l
[0K[?25hwriting output... [ 15%] Commands/getLicenceData[0K[?25l
[0K[?25hwriting output... [ 16%] Commands/getNextLogRecord[0K[?25l
[0K[?25hwriting output... [ 16%] Commands/getPaymentEntry[0K[?25l
[0K[?25hwriting output... [ 17%] Commands/getProperty[0K[?25l
[0K[?25hwriting output... [ 17%] Commands/getTotalizer[0K[?25l
[0K[?25hwriting output... [ 18%] Commands/getTrailerLine[0K[?25l
[0K[?25hwriting output... [ 18%] Commands/getTransactionStatus[0K[?25l
[0K[?25hwriting output... [ 19%] Commands/getVatEntry[0K[?25l
[0K[?25hwriting output... [ 19%] Commands/index[0K[?25l
[0K[?25hwriting output... [ 20%] Commands/obtainProgress[0K[?25l
[0K[?25hwriting output... [ 20%] Commands/openDrawer[0K[?25l
[0K[?25hwriting output... [ 21%] Commands/printBarCode[0K[?25l
[0K[?25hwriting output... [ 21%] Commands/printDuplicateReceipt[0K[?25l
[0K[?25hwriting output... [ 22%] Commands/printNormal[0K[?25l
[0K[?25hwriting output... [ 22%] Commands/printRecAdvancePaymentDeduct[0K[?25l
[0K[?25hwriting output... [ 23%] Commands/printRecCash[0K[?25l
[0K[?25hwriting output... [ 23%] Commands/printRecItem[0K[?25l
[0K[?25hwriting output... [ 24%] Commands/printRecItemAdjustment[0K[?25l
[0K[?25hwriting output... [ 24%] Commands/printRecItemCorrection[0K[?25l
[0K[?25hwriting output... [ 25%] Commands/printRecItemRefund[0K[?25l
[0K[?25hwriting output... [ 25%] Commands/printRecItemRefundCorrection[0K[?25l
[0K[?25hwriting output... [ 26%] Commands/printRecItemSinglePurposeVoucher[0K[?25l
[0K[?25hwriting output... [ 26%] Commands/printRecMessage[0K[?25l
[0K[?25hwriting output... [ 27%] Commands/printRecPackageAdjustment[0K[?25l
[0K[?25hwriting output... [ 27%] Commands/printRecSubtotal[0K[?25l
[0K[?25hwriting output... [ 28%] Commands/printRecTotal[0K[?25l
[0K[?25hwriting output... [ 28%] Commands/printRecTotalChange[0K[?25l
[0K[?25hwriting output... [ 29%] Commands/printRecVoid[0K[?25l
[0K[?25hwriting output... [ 29%] Commands/printUnsentDataMsgReport[0K[?25l
[0K[?25hwriting output... [ 30%] Commands/printXReport[0K[?25l
[0K[?25hwriting output... [ 30%] Commands/printZReport[0K[?25l
[0K[?25hwriting output... [ 31%] Commands/registerLocation[0K[?25l
[0K[?25hwriting output... [ 31%] Commands/registerUnsentDataMessages[0K[?25l
[0K[?25hwriting output... [ 32%] Commands/resetInspectionRequest[0K[?25l
[0K[?25hwriting output... [ 32%] Commands/resetPrinter[0K[?25l
[0K[?25hwriting output... [ 33%] Commands/setBitmap[0K[?25l
[0K[?25hwriting output... [ 33%] Commands/setCustomer[0K[?25l
[0K[?25hwriting output... [ 34%] Commands/setDate[0K[?25l
[0K[?25hwriting output... [ 34%] Commands/setFiscalMode[0K[?25l
[0K[?25hwriting output... [ 35%] Commands/setFontAttribute[0K[?25l
[0K[?25hwriting output... [ 35%] Commands/setHeaderLines[0K[?25l
[0K[?25hwriting output... [ 36%] Commands/setPOSID[0K[?25l
[0K[?25hwriting output... [ 36%] Commands/setParagon[0K[?25l
[0K[?25hwriting output... [ 37%] Commands/setPaymentEntry[0K[?25l
[0K[?25hwriting output... [ 37%] Commands/setPaymentType[0K[?25l
[0K[?25hwriting output... [ 38%] Commands/setProperty[0K[?25l
[0K[?25hwriting output... [ 38%] Commands/setTrailerLines[0K[?25l
[0K[?25hwriting output... [ 39%] Commands/setVatTable[0K[?25l
[0K[?25hwriting output... [ 39%] Commands/soundImmediate[0K[?25l
[0K[?25hwriting output... [ 40%] Commands/storeAllBitmaps[0K[?25l
[0K[?25hwriting output... [ 40%] Commands/updateFirmware[0K[?25l
[0K[?25hwriting output... [ 41%] ConnectingAndStates/AfterConnection[0K[?25l
[0K[?25hwriting output... [ 41%] ConnectingAndStates/Commissioning[0K[?25l
[0K[?25hwriting output... [ 42%] ConnectingAndStates/Connect[0K[?25l
[0K[?25hwriting output... [ 42%] ConnectingAndStates/Connection[0K[?25l
[0K[?25hwriting output... [ 43%] ConnectingAndStates/Disconnect[0K[?25l
[0K[?25hwriting output... [ 43%] ConnectingAndStates/Modes[0K[?25l
[0K[?25hwriting output... [ 44%] ConnectingAndStates/PrinterStates[0K[?25l
[0K[?25hwriting output... [ 44%] ConnectingAndStates/SendingDataMessages[0K[?25l
[0K[?25hwriting output... [ 45%] ConnectingAndStates/ServicesProviding[0K[?25l
[0K[?25h[?25lwriting output... [ 45%] ConnectingAndStates/States[0K[1G[?25h[?25l
[0K[?25hwriting output... [ 46%] ConnectingAndStates/Timing[0K[?25l
[0K[?25hwriting output... [ 46%] ConnectingAndStates/Update/Availability[0K[?25l
[0K[?25hwriting output... [ 47%] ConnectingAndStates/Update/Introduction[0K[?25l
[0K[?25hwriting output... [ 47%] ConnectingAndStates/Update/MandatoryUpdate[0K[?25l
[0K[?25hwriting output... [ 48%] ConnectingAndStates/Update/Update[0K[?25l
[0K[?25hwriting output... [ 48%] ConnectingAndStates/Update/index[0K[?25l
[0K[?25hwriting output... [ 49%] ConnectingAndStates/index[0K[?25l
[0K[?25hwriting output... [ 49%] DiffDependVersion[0K[?25l
[0K[?25hwriting output... [ 50%] DocumentVersion[0K[?25l
[0K[?25hwriting output... [ 50%] Introduction[0K[?25l
[0K[?25hwriting output... [ 50%] Printing/Example[0K[?25l
[0K[?25hwriting output... [ 51%] Printing/Formatting[0K[?25l
[0K[?25hwriting output... [ 51%] Printing/Principles[0K[?25l
[0K[?25hwriting output... [ 52%] Printing/PrintFormattingSettings[0K[?25l
[0K[?25hwriting output... [ 52%] Printing/ReceiptFormatProfiles[0K[?25l
[0K[?25hwriting output... [ 53%] Printing/Summary[0K[?25l
[0K[?25hwriting output... [ 53%] Printing/index[0K[?25l
[0K[?25hwriting output... [ 54%] ProblemSolving/FiscalPrinterRecovery[0K[?25l
[0K[?25hwriting output... [ 54%] ProblemSolving/IncorrectCommand[0K[?25l
[0K[?25hwriting output... [ 55%] ProblemSolving/InternalErrors[0K[?25l
[0K[?25hwriting output... [ 55%] ProblemSolving/RecoverableProblems[0K[?25l
[0K[?25h[?25lwriting output... [ 56%] ProblemSolving/index[0K[1G[?25h[?25l
[0K[?25hwriting output... [ 56%] ProtocolVersion[0K[?25l
[0K[?25hwriting output... [ 57%] Rules/Cash[0K[?25l
[0K[?25hwriting output... [ 57%] Rules/Characteristics[0K[?25l
[0K[?25hwriting output... [ 58%] Rules/RegistrationTransaction[0K[?25l
[0K[?25hwriting output... [ 58%] Rules/Rounding[0K[?25l
[0K[?25hwriting output... [ 59%] Rules/ServiceMessages[0K[?25l
[0K[?25hwriting output... [ 59%] Rules/ServiceMessages_Confirmation[0K[?25l
[0K[?25hwriting output... [ 60%] Rules/ServiceMessages_Events[0K[?25l
[0K[?25hwriting output... [ 60%] Rules/ServiceMessages_Introduction[0K[?25l
[0K[?25hwriting output... [ 61%] Rules/ServiceMessages_Perfom[0K[?25l
[0K[?25hwriting output... [ 61%] Rules/VAT[0K[?25l
[0K[?25hwriting output... [ 62%] Rules/ValueCalculations[0K[?25l
[0K[?25hwriting output... [ 62%] Rules/index[0K[?25l
[0K[?25hwriting output... [ 63%] Terminology/Conventions[0K[?25l
[0K[?25hwriting output... [ 63%] Terminology/Notions[0K[?25l
[0K[?25hwriting output... [ 64%] Terminology/Shortcuts[0K[?25l
[0K[?25hwriting output... [ 64%] Terminology/index[0K[?25l
[0K[?25hwriting output... [ 65%] Values/Accumulators/Counters[0K[?25l
[0K[?25hwriting output... [ 65%] Values/Accumulators/Totals[0K[?25l
[0K[?25hwriting output... [ 66%] Values/Accumulators/index[0K[?25l
[0K[?25hwriting output... [ 66%] Values/Exceptions/Categorisation[0K[?25l
[0K[?25hwriting output... [ 67%] Values/Exceptions/ExceptionValues[0K[?25l
[0K[?25hwriting output... [ 67%] Values/Exceptions/InternalErrors[0K[?25l
[0K[?25hwriting output... [ 68%] Values/Exceptions/InvalidCommands[0K[?25l
[0K[?25hwriting output... [ 68%] Values/Exceptions/ResolvableErrors[0K[?25l
[0K[?25hwriting output... [ 69%] Values/Exceptions/index[0K[?25l
[0K[?25hwriting output... [ 69%] Values/Properties/AutomaticDrawerOpening[0K[?25l
[0K[?25hwriting output... [ 70%] Values/Properties/BitmapMemoryFreeSpace[0K[?25l
[0K[?25hwriting output... [ 70%] Values/Properties/BitmapMemorySize[0K[?25l
[0K[?25hwriting output... [ 71%] Values/Properties/BitmapWidth[0K[?25l
[0K[?25hwriting output... [ 71%] Values/Properties/BuildDateTime[0K[?25l
[0K[?25h[?25lwriting output... [ 72%] Values/Properties/CashRoundPlace[0K[1G[?25h[?25l
[0K[?25hwriting output... [ 72%] Values/Properties/CashRoundType[0K[?25l
[0K[?25hwriting output... [ 73%] Values/Properties/ChangeDue[0K[?25l
[0K[?25hwriting output... [ 73%] Values/Properties/ChangeType[0K[?25l
[0K[?25hwriting output... [ 74%] Values/Properties/CoverOpen[0K[?25l
[0K[?25hwriting output... [ 74%] Values/Properties/CurrSymbol[0K[?25l
[0K[?25hwriting output... [ 75%] Values/Properties/CurrSymbolPosition[0K[?25l
[0K[?25hwriting output... [ 75%] Values/Properties/DIC[0K[?25l
[0K[?25hwriting output... [ 76%] Values/Properties/DayOpened[0K[?25l
[0K[?25hwriting output... [ 76%] Values/Properties/DisplayColumns[0K[?25l
[0K[?25hwriting output... [ 77%] Values/Properties/DisplayRows[0K[?25l
[0K[?25hwriting output... [ 77%] Values/Properties/DrawerOpened[0K[?25l
[0K[?25hwriting output... [ 78%] Values/Properties/ErrorExtension[0K[?25l
[0K[?25hwriting output... [ 78%] Values/Properties/ErrorString[0K[?25l
[0K[?25hwriting output... [ 79%] Values/Properties/FPFirmwareVersion[0K[?25l
[0K[?25hwriting output... [ 79%] Values/Properties/FiscalReceiptType[0K[?25l
[0K[?25hwriting output... [ 80%] Values/Properties/FiscalState[0K[?25l
[0K[?25hwriting output... [ 80%] Values/Properties/FontALineLength[0K[?25l
[0K[?25hwriting output... [ 81%] Values/Properties/FontBLineLength[0K[?25l
[0K[?25hwriting output... [ 81%] Values/Properties/FormatProfile[0K[?25l
[0K[?25hwriting output... [ 82%] Values/Properties/HeaderBitmap[0K[?25l
[0K[?25hwriting output... [ 82%] Values/Properties/ICDPH[0K[?25l
[0K[?25hwriting output... [ 83%] Values/Properties/ICMFirmwareVersion[0K[?25l
[0K[?25hwriting output... [ 83%] Values/Properties/ICMIPv4Address[0K[?25l
[0K[?25hwriting output... [ 84%] Values/Properties/ICO[0K[?25l
[0K[?25hwriting output... [ 84%] Values/Properties/InternetAccess[0K[?25l
[0K[?25hwriting output... [ 85%] Values/Properties/LicenceCount[0K[?25l
[0K[?25hwriting output... [ 85%] Values/Properties/MandatoryFWUpdateDateTime[0K[?25l
[0K[?25hwriting output... [ 86%] Values/Properties/ManufacturerName[0K[?25l
[0K[?25hwriting output... [ 86%] Values/Properties/MediumCoverOpened[0K[?25l
[0K[?25hwriting output... [ 87%] Values/Properties/NumDataMsgItems[0K[?25l
[0K[?25hwriting output... [ 87%] Values/Properties/NumHeaderLines[0K[?25l
[0K[?25hwriting output... [ 88%] Values/Properties/NumPayments[0K[?25l
[0K[?25hwriting output... [ 88%] Values/Properties/NumTrailerLines[0K[?25l
[0K[?25hwriting output... [ 89%] Values/Properties/NumVatRates[0K[?25l
[0K[?25hwriting output... [ 89%] Values/Properties/PaymentsRegistration[0K[?25l
[0K[?25hwriting output... [ 90%] Values/Properties/PortableCashRegister[0K[?25l
[0K[?25hwriting output... [ 90%] Values/Properties/PrinterState[0K[?25l
[0K[?25hwriting output... [ 91%] Values/Properties/PrinterVariant[0K[?25l
[0K[?25hwriting output... [ 91%] Values/Properties/ProductModelDescription[0K[?25l
[0K[?25hwriting output... [ 92%] Values/Properties/ProtectedStorageUsage[0K[?25l
[0K[?25hwriting output... [ 92%] Values/Properties/ProtocolVersion[0K[?25l
[0K[?25hwriting output... [ 93%] Values/Properties/RecEmpty[0K[?25l
[0K[?25hwriting output... [ 93%] Values/Properties/RecNearEnd[0K[?25l
[0K[?25hwriting output... [ 94%] Values/Properties/SSID[0K[?25l
[0K[?25hwriting output... [ 94%] Values/Properties/SerialNumber[0K[?25l
[0K[?25hwriting output... [ 95%] Values/Properties/SignalLevel[0K[?25l
[0K[?25hwriting output... [ 95%] Values/Properties/TrailerBitmap[0K[?25l
[0K[?25hwriting output... [ 96%] Values/Properties/TrainingModeActive[0K[?25l
[0K[?25hwriting output... [ 96%] Values/Properties/TransactionIDPrinting[0K[?25l
[0K[?25hwriting output... [ 97%] Values/Properties/UniqueNum[0K[?25l
[0K[?25hwriting output... [ 97%] Values/Properties/UnsentDataMessagesCount[0K[?25l
[0K[?25hwriting output... [ 98%] Values/Properties/VatIncluded[0K[?25l
[0K[?25hwriting output... [ 98%] Values/Properties/VatSummaryPrinting[0K[?25l
[0K[?25hwriting output... [ 99%] Values/Properties/index[0K[?25l
[0K[?25hwriting output... [ 99%] Values/index[0K[?25l
[0K[?25hwriting output... [100%] index[0K[?25l
[0K[?25h[?25l
generating indices... genindex[0K[32G[?25h[?25lgenerating indices... genindex done[0K
writing additional pages... search[0K[36G[?25h[?25lwriting additional pages... search done[0K
copying images... [  7%] BasicDescription/../Images/Communication.png[0K
copying images... [ 14%] BasicDescription/../Images/ConnectionOverview.png[0K
[0K[?25hcopying images... [ 21%] BasicDescription/../Images/DeploymentSimpleView.png[0K[?25l
copying images... [ 28%] BasicDescription/../Images/FiscalPrinterComponents.png[0K
[0K[?25hcopying images... [ 35%] ConnectingAndStates/../Images/SimpleStateDiagram.png[0K[?25l
copying images... [ 42%] ConnectingAndStates/../Images/DeviceStateDiagram.png[0K
[0K[?25hcopying images... [ 50%] ConnectingAndStates/../Images/CommandSequence.png[0K[?25l
copying images... [ 57%] ConnectingAndStates/../Images/ApplicationStateMachine.[0Kp
ng[0K
[0K[?25hcopying images... [ 64%] ConnectingAndStates/../Images/DeviceCommunicationState[0Ks[?25l
.png[0K
copying images... [ 71%] ProblemSolving/../Images/TransactionRecovery.png[0K
[0K[?25hcopying images... [ 78%] ProblemSolving/../Images/ReportRecovery.png[0K[?25l
copying images... [ 85%] Rules/../Images/TransactionStates.png[0K
[0K[?25hcopying images... [ 92%] Rules/../Images/ConfirmInspectionRequest1.png[0K[?25l
copying images... [100%] Rules/../Images/ConfirmInspectionRequest2.png[0K
[0K[?25h[?25l
copying static files...[0K[25G[?25h[?25lcopying static files... done[0K
copying extra files... done[0K
dumping search index in English (code: en)...[0K[47G[?25h[?25ldumping search index in English (code: en)... done[0K
dumping object inventory... done[0K
build succeeded.[0K
[0K
The HTML pages are in _build/html.[0K
[0K[?25h
[AppProtocol:] ===== Duration statistic:
[AppProtocol:] Check dependencies:       00h:00m:00s (0 seconds)
[AppProtocol:] Delete old directories:   00h:00m:00s (0 seconds)
[AppProtocol:] Build configuration:      00h:00m:27s (27 seconds)
[AppProtocol:] Total duration:           00h:00m:28s (28 seconds)

[AppProtocol:] build ("html") is done.  (internal RESULT = 0)

